app/build/intermediates/manifest_merge_blame_file/debug/manifest-merger-blame-debug-report.txt
1<?xml version="1.0" encoding="utf-8"?>
2<manifest xmlns:android="http://schemas.android.com/apk/res/android"
3    package="com.aipaly.autoglm"
4    android:versionCode="1"
5    android:versionName="1.0" >
6
7    <uses-sdk
8        android:minSdkVersion="24"
9        android:targetSdkVersion="34" />
10
11    <uses-permission android:name="android.permission.INTERNET" />
11-->src\main\AndroidManifest.xml:6:5-67
11-->src\main\AndroidManifest.xml:6:22-64
12    <uses-permission android:name="android.permission.ACCESS_NETWORK_STATE" />
12-->src\main\AndroidManifest.xml:7:5-79
12-->src\main\AndroidManifest.xml:7:22-76
13    <uses-permission android:name="android.permission.WRITE_EXTERNAL_STORAGE" />
13-->src\main\AndroidManifest.xml:8:5-81
13-->src\main\AndroidManifest.xml:8:22-78
14    <uses-permission android:name="android.permission.READ_EXTERNAL_STORAGE" />
14-->src\main\AndroidManifest.xml:9:5-80
14-->src\main\AndroidManifest.xml:9:22-77
15    <uses-permission android:name="android.permission.QUERY_ALL_PACKAGES" />
15-->src\main\AndroidManifest.xml:10:5-11:53
15-->src\main\AndroidManifest.xml:10:22-74
16    <uses-permission android:name="android.permission.PACKAGE_USAGE_STATS" />
16-->src\main\AndroidManifest.xml:12:5-13:47
16-->src\main\AndroidManifest.xml:12:22-75
17    <uses-permission android:name="android.permission.FOREGROUND_SERVICE" />
17-->src\main\AndroidManifest.xml:14:5-77
17-->src\main\AndroidManifest.xml:14:22-74
18    <uses-permission android:name="android.permission.FOREGROUND_SERVICE_MEDIA_PROJECTION" />
18-->src\main\AndroidManifest.xml:15:5-94
18-->src\main\AndroidManifest.xml:15:22-91
19    <uses-permission android:name="android.permission.SYSTEM_ALERT_WINDOW" />
19-->src\main\AndroidManifest.xml:16:5-78
19-->src\main\AndroidManifest.xml:16:22-75
20    <uses-permission android:name="android.permission.POST_NOTIFICATIONS" />
20-->src\main\AndroidManifest.xml:17:5-77
20-->src\main\AndroidManifest.xml:17:22-74
21
22    <permission
22-->[androidx.core:core:1.12.0] AndroidManifest.xml:22:5-24:47
23        android:name="com.aipaly.autoglm.DYNAMIC_RECEIVER_NOT_EXPORTED_PERMISSION"
23-->[androidx.core:core:1.12.0] AndroidManifest.xml:23:9-81
24        android:protectionLevel="signature" />
24-->[androidx.core:core:1.12.0] AndroidManifest.xml:24:9-44
25
26    <uses-permission android:name="com.aipaly.autoglm.DYNAMIC_RECEIVER_NOT_EXPORTED_PERMISSION" />
26-->[androidx.core:core:1.12.0] AndroidManifest.xml:26:5-97
26-->[androidx.core:core:1.12.0] AndroidManifest.xml:26:22-94
27
28    <application
28-->src\main\AndroidManifest.xml:19:5-58:19
29        android:allowBackup="true"
29-->src\main\AndroidManifest.xml:20:9-35
30        android:appComponentFactory="androidx.core.app.CoreComponentFactory"
30-->[androidx.core:core:1.12.0] AndroidManifest.xml:28:18-86
31        android:debuggable="true"
32        android:extractNativeLibs="false"
33        android:icon="@mipmap/ic_launcher"
33-->src\main\AndroidManifest.xml:21:9-43
34        android:label="@string/app_name"
34-->src\main\AndroidManifest.xml:22:9-41
35        android:theme="@style/AppTheme" >
35-->src\main\AndroidManifest.xml:23:9-40
36        <activity
36-->src\main\AndroidManifest.xml:25:9-32:20
37            android:name="com.aipaly.autoglm.MainActivity"
37-->src\main\AndroidManifest.xml:26:13-41
38            android:exported="true" >
38-->src\main\AndroidManifest.xml:27:13-36
39            <intent-filter>
39-->src\main\AndroidManifest.xml:28:13-31:29
40                <action android:name="android.intent.action.MAIN" />
40-->src\main\AndroidManifest.xml:29:17-69
40-->src\main\AndroidManifest.xml:29:25-66
41
42                <category android:name="android.intent.category.LAUNCHER" />
42-->src\main\AndroidManifest.xml:30:17-77
42-->src\main\AndroidManifest.xml:30:27-74
43            </intent-filter>
44        </activity>
45
46        <service
46-->src\main\AndroidManifest.xml:34:9-44:19
47            android:name="com.aipaly.autoglm.AutoGLMService"
47-->src\main\AndroidManifest.xml:35:13-43
48            android:exported="true"
48-->src\main\AndroidManifest.xml:37:13-36
49            android:permission="android.permission.BIND_ACCESSIBILITY_SERVICE" >
49-->src\main\AndroidManifest.xml:36:13-79
50            <intent-filter>
50-->src\main\AndroidManifest.xml:38:13-40:29
51                <action android:name="android.accessibilityservice.AccessibilityService" />
51-->src\main\AndroidManifest.xml:39:17-92
51-->src\main\AndroidManifest.xml:39:25-89
52            </intent-filter>
53
54            <meta-data
54-->src\main\AndroidManifest.xml:41:13-43:72
55                android:name="android.accessibilityservice"
55-->src\main\AndroidManifest.xml:42:17-60
56                android:resource="@xml/accessibility_service_config" />
56-->src\main\AndroidManifest.xml:43:17-69
57        </service>
58
59        <!-- AutoGLM 输入法服务 -->
60        <service
60-->src\main\AndroidManifest.xml:47:9-57:19
61            android:name="com.aipaly.autoglm.AutoGLMInputMethodService"
61-->src\main\AndroidManifest.xml:48:13-54
62            android:exported="true"
62-->src\main\AndroidManifest.xml:50:13-36
63            android:permission="android.permission.BIND_INPUT_METHOD" >
63-->src\main\AndroidManifest.xml:49:13-70
64            <intent-filter>
64-->src\main\AndroidManifest.xml:51:13-53:29
65                <action android:name="android.view.InputMethod" />
65-->src\main\AndroidManifest.xml:52:17-67
65-->src\main\AndroidManifest.xml:52:25-64
66            </intent-filter>
67
68            <meta-data
68-->src\main\AndroidManifest.xml:54:13-56:50
69                android:name="android.view.im"
69-->src\main\AndroidManifest.xml:55:17-47
70                android:resource="@xml/method" />
70-->src\main\AndroidManifest.xml:56:17-47
71        </service>
72
73        <provider
73-->[androidx.emoji2:emoji2:1.2.0] AndroidManifest.xml:24:9-32:20
74            android:name="androidx.startup.InitializationProvider"
74-->[androidx.emoji2:emoji2:1.2.0] AndroidManifest.xml:25:13-67
75            android:authorities="com.aipaly.autoglm.androidx-startup"
75-->[androidx.emoji2:emoji2:1.2.0] AndroidManifest.xml:26:13-68
76            android:exported="false" >
76-->[androidx.emoji2:emoji2:1.2.0] AndroidManifest.xml:27:13-37
77            <meta-data
77-->[androidx.emoji2:emoji2:1.2.0] AndroidManifest.xml:29:13-31:52
78                android:name="androidx.emoji2.text.EmojiCompatInitializer"
78-->[androidx.emoji2:emoji2:1.2.0] AndroidManifest.xml:30:17-75
79                android:value="androidx.startup" />
79-->[androidx.emoji2:emoji2:1.2.0] AndroidManifest.xml:31:17-49
80            <meta-data
80-->[androidx.lifecycle:lifecycle-process:2.6.1] AndroidManifest.xml:29:13-31:52
81                android:name="androidx.lifecycle.ProcessLifecycleInitializer"
81-->[androidx.lifecycle:lifecycle-process:2.6.1] AndroidManifest.xml:30:17-78
82                android:value="androidx.startup" />
82-->[androidx.lifecycle:lifecycle-process:2.6.1] AndroidManifest.xml:31:17-49
83            <meta-data
83-->[androidx.profileinstaller:profileinstaller:1.3.0] AndroidManifest.xml:29:13-31:52
84                android:name="androidx.profileinstaller.ProfileInstallerInitializer"
84-->[androidx.profileinstaller:profileinstaller:1.3.0] AndroidManifest.xml:30:17-85
85                android:value="androidx.startup" />
85-->[androidx.profileinstaller:profileinstaller:1.3.0] AndroidManifest.xml:31:17-49
86        </provider>
87
88        <receiver
88-->[androidx.profileinstaller:profileinstaller:1.3.0] AndroidManifest.xml:34:9-52:20
89            android:name="androidx.profileinstaller.ProfileInstallReceiver"
89-->[androidx.profileinstaller:profileinstaller:1.3.0] AndroidManifest.xml:35:13-76
90            android:directBootAware="false"
90-->[androidx.profileinstaller:profileinstaller:1.3.0] AndroidManifest.xml:36:13-44
91            android:enabled="true"
91-->[androidx.profileinstaller:profileinstaller:1.3.0] AndroidManifest.xml:37:13-35
92            android:exported="true"
92-->[androidx.profileinstaller:profileinstaller:1.3.0] AndroidManifest.xml:38:13-36
93            android:permission="android.permission.DUMP" >
93-->[androidx.profileinstaller:profileinstaller:1.3.0] AndroidManifest.xml:39:13-57
94            <intent-filter>
94-->[androidx.profileinstaller:profileinstaller:1.3.0] AndroidManifest.xml:40:13-42:29
95                <action android:name="androidx.profileinstaller.action.INSTALL_PROFILE" />
95-->[androidx.profileinstaller:profileinstaller:1.3.0] AndroidManifest.xml:41:17-91
95-->[androidx.profileinstaller:profileinstaller:1.3.0] AndroidManifest.xml:41:25-88
96            </intent-filter>
97            <intent-filter>
97-->[androidx.profileinstaller:profileinstaller:1.3.0] AndroidManifest.xml:43:13-45:29
98                <action android:name="androidx.profileinstaller.action.SKIP_FILE" />
98-->[androidx.profileinstaller:profileinstaller:1.3.0] AndroidManifest.xml:44:17-85
98-->[androidx.profileinstaller:profileinstaller:1.3.0] AndroidManifest.xml:44:25-82
99            </intent-filter>
100            <intent-filter>
100-->[androidx.profileinstaller:profileinstaller:1.3.0] AndroidManifest.xml:46:13-48:29
101                <action android:name="androidx.profileinstaller.action.SAVE_PROFILE" />
101-->[androidx.profileinstaller:profileinstaller:1.3.0] AndroidManifest.xml:47:17-88
101-->[androidx.profileinstaller:profileinstaller:1.3.0] AndroidManifest.xml:47:25-85
102            </intent-filter>
103            <intent-filter>
103-->[androidx.profileinstaller:profileinstaller:1.3.0] AndroidManifest.xml:49:13-51:29
104                <action android:name="androidx.profileinstaller.action.BENCHMARK_OPERATION" />
104-->[androidx.profileinstaller:profileinstaller:1.3.0] AndroidManifest.xml:50:17-95
104-->[androidx.profileinstaller:profileinstaller:1.3.0] AndroidManifest.xml:50:25-92
105            </intent-filter>
106        </receiver>
107    </application>
108
109</manifest>